npm ERR! code ERESOLVE
npm ERR! ERESOLVE unable to resolve dependency tree
npm ERR! 
npm ERR! While resolving: communitee-golf-chat@1.0.0
npm ERR! Found: storybook@8.6.14
npm ERR! node_modules/storybook
npm ERR!   storybook@"^8.6.14" from the root project
npm ERR! 
npm ERR! Could not resolve dependency:
npm ERR! peer storybook@"^9.0.2" from @storybook/addon-docs@9.0.2
npm ERR! node_modules/@storybook/addon-docs
npm ERR!   dev @storybook/addon-docs@"^9.0.2" from the root project
npm ERR! 
npm ERR! Fix the upstream dependency conflict, or retry
npm ERR! this command with --force or --legacy-peer-deps
npm ERR! to accept an incorrect (and potentially broken) dependency resolution.
npm ERR! 
npm ERR! 
npm ERR! For a full report see:
npm ERR! /Users/omidsangar/.npm/_logs/2025-05-31T12_10_16_493Z-eresolve-report.txt

npm ERR! A complete log of this run can be found in: /Users/omidsangar/.npm/_logs/2025-05-31T12_10_16_493Z-debug-0.log
